<?xml version="1.0" encoding="UTF-8"?>
<!-- Generated by org.testng.reporters.JUnitReportReporter -->
<testsuite hostname="DESKTOP-BBB5T0T" failures="0" tests="4" name="api.test.StoreTests" time="12.395" errors="0" timestamp="2023-08-25T21:32:56 IST" skipped="0">
  <testcase classname="api.test.StoreTests" name="testPlaceOrderStore" time="5.381"/>
  <system-out/>
  <testcase classname="api.test.StoreTests" name="testGetOrderStore" time="2.206"/>
  <system-out/>
  <testcase classname="api.test.StoreTests" name="testDeleteOrderStore" time="2.338"/>
  <system-out/>
  <testcase classname="api.test.StoreTests" name="testInventoryDetailStore" time="2.470"/>
  <system-out/>
</testsuite> <!-- api.test.StoreTests -->
