<?xml version="1.0" encoding="UTF-8"?>
<!-- Generated by org.testng.reporters.JUnitReportReporter -->
<testsuite hostname="DESKTOP-BBB5T0T" failures="0" tests="4" name="api.test.UserTests" time="13.021" errors="0" timestamp="2023-08-25T17:32:11 IST" skipped="0">
  <testcase classname="api.test.UserTests" name="testPostUser" time="4.703"/>
  <system-out/>
  <testcase classname="api.test.UserTests" name="testGetUserByName" time="2.106"/>
  <system-out/>
  <testcase classname="api.test.UserTests" name="testUpdateUserByName" time="3.979"/>
  <system-out/>
  <testcase classname="api.test.UserTests" name="testDeleteUserByName" time="2.233"/>
  <system-out/>
</testsuite> <!-- api.test.UserTests -->
